Determining if the pthread_create exist failed with the following output:
Change Dir: /home/justin/image_recognition/tools/cpp/build/CMakeFiles/CMakeTmp

Run Build Command:"/usr/bin/make" "cmTC_a6830/fast"
/usr/bin/make -f CMakeFiles/cmTC_a6830.dir/build.make CMakeFiles/cmTC_a6830.dir/build
make[1]: Entering directory '/home/justin/image_recognition/tools/cpp/build/CMakeFiles/CMakeTmp'
Building C object CMakeFiles/cmTC_a6830.dir/CheckSymbolExists.c.o
/usr/bin/cc    -fPIC    -o CMakeFiles/cmTC_a6830.dir/CheckSymbolExists.c.o   -c /home/justin/image_recognition/tools/cpp/build/CMakeFiles/CMakeTmp/CheckSymbolExists.c
Linking C executable cmTC_a6830
/usr/bin/cmake -E cmake_link_script CMakeFiles/cmTC_a6830.dir/link.txt --verbose=1
/usr/bin/cc  -fPIC     CMakeFiles/cmTC_a6830.dir/CheckSymbolExists.c.o  -o cmTC_a6830 
CMakeFiles/cmTC_a6830.dir/CheckSymbolExists.c.o: In function `main':
CheckSymbolExists.c:(.text+0x1b): undefined reference to `pthread_create'
collect2: error: ld returned 1 exit status
CMakeFiles/cmTC_a6830.dir/build.make:97: recipe for target 'cmTC_a6830' failed
make[1]: *** [cmTC_a6830] Error 1
make[1]: Leaving directory '/home/justin/image_recognition/tools/cpp/build/CMakeFiles/CMakeTmp'
Makefile:126: recipe for target 'cmTC_a6830/fast' failed
make: *** [cmTC_a6830/fast] Error 2

File /home/justin/image_recognition/tools/cpp/build/CMakeFiles/CMakeTmp/CheckSymbolExists.c:
/* */
#include <pthread.h>

int main(int argc, char** argv)
{
  (void)argv;
#ifndef pthread_create
  return ((int*)(&pthread_create))[argc];
#else
  (void)argc;
  return 0;
#endif
}

Determining if the function pthread_create exists in the pthreads failed with the following output:
Change Dir: /home/justin/image_recognition/tools/cpp/build/CMakeFiles/CMakeTmp

Run Build Command:"/usr/bin/make" "cmTC_a3eb1/fast"
/usr/bin/make -f CMakeFiles/cmTC_a3eb1.dir/build.make CMakeFiles/cmTC_a3eb1.dir/build
make[1]: Entering directory '/home/justin/image_recognition/tools/cpp/build/CMakeFiles/CMakeTmp'
Building C object CMakeFiles/cmTC_a3eb1.dir/CheckFunctionExists.c.o
/usr/bin/cc    -fPIC -DCHECK_FUNCTION_EXISTS=pthread_create   -o CMakeFiles/cmTC_a3eb1.dir/CheckFunctionExists.c.o   -c /usr/share/cmake-3.5/Modules/CheckFunctionExists.c
Linking C executable cmTC_a3eb1
/usr/bin/cmake -E cmake_link_script CMakeFiles/cmTC_a3eb1.dir/link.txt --verbose=1
/usr/bin/cc  -fPIC -DCHECK_FUNCTION_EXISTS=pthread_create    CMakeFiles/cmTC_a3eb1.dir/CheckFunctionExists.c.o  -o cmTC_a3eb1 -lpthreads 
/usr/bin/ld: cannot find -lpthreads
collect2: error: ld returned 1 exit status
CMakeFiles/cmTC_a3eb1.dir/build.make:97: recipe for target 'cmTC_a3eb1' failed
make[1]: *** [cmTC_a3eb1] Error 1
make[1]: Leaving directory '/home/justin/image_recognition/tools/cpp/build/CMakeFiles/CMakeTmp'
Makefile:126: recipe for target 'cmTC_a3eb1/fast' failed
make: *** [cmTC_a3eb1/fast] Error 2


